==36136== Memcheck, a memory error detector
==36136== Copyright (C) 2002-2022, and GNU GPL'd, by Julian Seward et al.
==36136== Using Valgrind-3.22.0-bd4db67b1d-20231031 and LibVEX; rerun with -h for copyright info
==36136== Command: ./main
==36136== Parent PID: 33469
==36136== 
--36136-- 
--36136-- Valgrind options:
--36136--    -v
--36136--    --tool=memcheck
--36136--    --leak-check=full
--36136--    --num-callers=40
--36136--    --log-file=valgrind.log
--36136-- Contents of /proc/version:
--36136--   Linux version 6.8.0-79-generic (buildd@bos03-arm64-013) (aarch64-linux-gnu-gcc-13 (Ubuntu 13.3.0-6ubuntu2~24.04) 13.3.0, GNU ld (GNU Binutils for Ubuntu) 2.42) #79-Ubuntu SMP PREEMPT_DYNAMIC Tue Aug 12 14:33:58 UTC 2025
--36136-- 
--36136-- Arch and hwcaps: ARM64, LittleEndian, v8-fhm-dpbcvadp-sha3-rdm-atomics-bf16-fp16-vfp16
--36136-- Page sizes: currently 4096, max supported 65536
--36136-- Valgrind library directory: /usr/libexec/valgrind
--36136-- Reading syms from /home/ubuntu/cse1326_hw2/main
--36136-- Reading syms from /usr/lib/aarch64-linux-gnu/ld-linux-aarch64.so.1
--36136--   Considering /usr/lib/debug/.build-id/7e/6ce86944f2cb01158d11b598ea2e960242ff06.debug ..
--36136--   .. build-id is valid
--36136-- Reading syms from /usr/libexec/valgrind/memcheck-arm64-linux
--36136--    object doesn't have a dynamic symbol table
--36136-- Scheduler: using generic scheduler lock implementation.
--36136-- Reading suppressions file: /usr/libexec/valgrind/default.supp
==36136== embedded gdbserver: reading from /tmp/vgdb-pipe-from-vgdb-to-36136-by-ubuntu-on-???
==36136== embedded gdbserver: writing to   /tmp/vgdb-pipe-to-vgdb-from-36136-by-ubuntu-on-???
==36136== embedded gdbserver: shared mem   /tmp/vgdb-pipe-shared-mem-vgdb-36136-by-ubuntu-on-???
==36136== 
==36136== TO CONTROL THIS PROCESS USING vgdb (which you probably
==36136== don't want to do, unless you know exactly what you're doing,
==36136== or are doing some strange experiment):
==36136==   /usr/bin/vgdb --pid=36136 ...command...
==36136== 
==36136== TO DEBUG THIS PROCESS USING GDB: start GDB like this
==36136==   /path/to/gdb ./main
==36136== and then give GDB the following command
==36136==   target remote | /usr/bin/vgdb --pid=36136
==36136== --pid is optional if only one valgrind process is running
==36136== 
--36136-- REDIR: 0x401cb00 (ld-linux-aarch64.so.1:strlen) redirected to 0x580c3d5c (???)
--36136-- REDIR: 0x401c040 (ld-linux-aarch64.so.1:strcmp) redirected to 0x580c3db0 (???)
--36136-- REDIR: 0x401bf80 (ld-linux-aarch64.so.1:index) redirected to 0x580c3d84 (???)
--36136-- Reading syms from /usr/libexec/valgrind/vgpreload_core-arm64-linux.so
--36136-- Reading syms from /usr/libexec/valgrind/vgpreload_memcheck-arm64-linux.so
--36136-- Reading syms from /usr/lib/aarch64-linux-gnu/libc.so.6
--36136--   Considering /usr/lib/debug/.build-id/a6/2e1f95f9de1a57d5b80979eedf2c7a742e3b42.debug ..
--36136--   .. build-id is valid
--36136-- REDIR: 0x495a8d0 (libc.so.6:memchr) redirected to 0x4850710 (_vgnU_ifunc_wrapper)
--36136-- REDIR: 0x495e120 (libc.so.6:strlen) redirected to 0x4850710 (_vgnU_ifunc_wrapper)
--36136-- REDIR: 0x495e6c0 (libc.so.6:rindex) redirected to 0x488d470 (rindex)
--36136-- REDIR: 0x49565b0 (libc.so.6:malloc) redirected to 0x48851d0 (malloc)
--36136-- REDIR: 0x495ef00 (libc.so.6:strstr) redirected to 0x4893370 (strstr)
--36136-- REDIR: 0x4961500 (libc.so.6:__GI_memchr) redirected to 0x488f2a0 (__GI_memchr)
--36136-- REDIR: 0x4961a80 (libc.so.6:__GI_memcpy) redirected to 0x488fdb0 (__GI_memcpy)
--36136-- REDIR: 0x495e940 (libc.so.6:strspn) redirected to 0x4893700 (strspn)
--36136-- REDIR: 0x495d4b0 (libc.so.6:strcspn) redirected to 0x48935c4 (strcspn)
--36136-- REDIR: 0x4963000 (libc.so.6:__strlen_asimd) redirected to 0x488dc80 (strlen)
--36136-- REDIR: 0x495d380 (libc.so.6:strcpy) redirected to 0x488deb0 (strcpy)
--36136-- REDIR: 0x4957160 (libc.so.6:realloc) redirected to 0x488c250 (realloc)
--36136-- REDIR: 0x4956eb0 (libc.so.6:free) redirected to 0x4888230 (free)
--36136-- REDIR: 0x495c2c0 (libc.so.6:strchrnul) redirected to 0x4892a70 (strchrnul)
--36136-- REDIR: 0x495c380 (libc.so.6:strcmp) redirected to 0x488f004 (strcmp)
--36136-- REDIR: 0x4963140 (libc.so.6:__GI_strlen) redirected to 0x488dcd0 (__GI_strlen)
==36136== 
==36136== HEAP SUMMARY:
==36136==     in use at exit: 0 bytes in 0 blocks
==36136==   total heap usage: 64,118 allocs, 64,118 frees, 2,006,510 bytes allocated
==36136== 
==36136== All heap blocks were freed -- no leaks are possible
==36136== 
==36136== ERROR SUMMARY: 0 errors from 0 contexts (suppressed: 0 from 0)
